<?xml version="1.0" encoding="UTF-8"?>
<!-- Generated by org.testng.reporters.JUnitReportReporter -->
<testsuite hostname="RAHUL-JAIN" failures="0" tests="1" name="com.qa.demo.RestAsurd.PostRequestdemo" time="2.667" errors="0" timestamp="2024-10-19T22:10:22 IST" skipped="0">
  <testcase classname="com.qa.demo.RestAsurd.PostRequestdemo" name="testGetMethod" time="2.667"/>
</testsuite> <!-- com.qa.demo.RestAsurd.PostRequestdemo -->
