<?xml version="1.0" encoding="UTF-8"?>
<!-- Generated by org.testng.reporters.JUnitReportReporter -->
<testsuite hostname="RAHUL-JAIN" failures="0" tests="1" name="com.qa.demo.RestAsurd.QueryParam" time="2.975" errors="0" timestamp="2024-10-19T23:13:57 IST" skipped="0">
  <testcase classname="com.qa.demo.RestAsurd.QueryParam" name="queryParameter" time="2.975"/>
</testsuite> <!-- com.qa.demo.RestAsurd.QueryParam -->
