<?xml version="1.0" encoding="UTF-8"?>
<!-- Generated by org.testng.reporters.JUnitReportReporter -->
<testsuite hostname="RAHUL-JAIN" failures="0" tests="1" name="com.qa.demo.RestAsurd.AppTest" time="2.509" errors="0" timestamp="2024-10-19T14:03:22 IST" skipped="0">
  <testcase classname="com.qa.demo.RestAsurd.AppTest" name="testGetMethod" time="2.509"/>
</testsuite> <!-- com.qa.demo.RestAsurd.AppTest -->
