<?xml version="1.0" encoding="UTF-8"?>
<!-- Generated by org.testng.reporters.JUnitReportReporter -->
<testsuite hostname="RAHUL-JAIN" failures="0" tests="1" name="com.qa.demo.RestAsurd.PatchRequestdemo" time="2.637" errors="0" timestamp="2024-10-19T22:44:38 IST" skipped="0">
  <testcase classname="com.qa.demo.RestAsurd.PatchRequestdemo" name="modifyUsingpatch" time="2.637"/>
</testsuite> <!-- com.qa.demo.RestAsurd.PatchRequestdemo -->
