<?xml version="1.0" encoding="UTF-8"?>
<!-- Generated by org.testng.reporters.JUnitReportReporter -->
<testsuite hostname="RAHUL-JAIN" failures="0" tests="1" name="com.qa.demo.RestAsurd.BasicAuthdemo" time="4.494" errors="0" timestamp="2024-10-21T21:47:11 IST" skipped="0">
  <testcase classname="com.qa.demo.RestAsurd.BasicAuthdemo" name="basicauth" time="4.494"/>
</testsuite> <!-- com.qa.demo.RestAsurd.BasicAuthdemo -->
